<?xml version="1.0" encoding="UTF-8"?>
<testsuite xmlns:xsi="http://www.w3.org/2001/XMLSchema-instance" xsi:schemaLocation="https://maven.apache.org/surefire/maven-surefire-plugin/xsd/surefire-test-report.xsd" name="org.ow2.easywsdl.wsdl.test.util.InputStreamForkerTest" time="0.001" tests="6" errors="0" skipped="0" failures="0">
  <properties>
    <property name="idea.version" value="2022.2.5"/>
    <property name="jna.platform.library.path" value="/usr/lib/x86_64-linux-gnu:/lib/x86_64-linux-gnu:/usr/lib64:/lib64:/usr/lib:/lib"/>
    <property name="java.runtime.name" value="Java(TM) SE Runtime Environment"/>
    <property name="sun.boot.library.path" value="/datos/Oracle/jdk1.8.0_231/jre/lib/amd64"/>
    <property name="java.vm.version" value="25.231-b11"/>
    <property name="java.vm.vendor" value="Oracle Corporation"/>
    <property name="maven.multiModuleProjectDirectory" value="/datos/Proyectos/Clientes/04_ORACLE_ACS/EJIE/Desarrollo/easywsdl-wsdl"/>
    <property name="javax.xml.accessExternalSchema" value="all"/>
    <property name="java.vendor.url" value="http://java.oracle.com/"/>
    <property name="path.separator" value=":"/>
    <property name="guice.disable.misplaced.annotation.check" value="true"/>
    <property name="java.vm.name" value="Java HotSpot(TM) 64-Bit Server VM"/>
    <property name="file.encoding.pkg" value="sun.io"/>
    <property name="user.country" value="US"/>
    <property name="sun.java.launcher" value="SUN_STANDARD"/>
    <property name="sun.os.patch.level" value="unknown"/>
    <property name="java.vm.specification.name" value="Java Virtual Machine Specification"/>
    <property name="user.dir" value="/datos/Proyectos/Clientes/04_ORACLE_ACS/EJIE/Desarrollo/easywsdl-wsdl"/>
    <property name="java.runtime.version" value="1.8.0_231-b11"/>
    <property name="java.awt.graphicsenv" value="sun.awt.X11GraphicsEnvironment"/>
    <property name="java.endorsed.dirs" value="/datos/Oracle/jdk1.8.0_231/jre/lib/endorsed"/>
    <property name="os.arch" value="amd64"/>
    <property name="java.io.tmpdir" value="/tmp"/>
    <property name="line.separator" value="&#10;"/>
    <property name="java.vm.specification.vendor" value="Oracle Corporation"/>
    <property name="os.name" value="Linux"/>
    <property name="maven.ext.class.path" value="/home/adolfo/Software/IntelliJ/ideaIU-2022.2.4/idea-IU-222.4459.24/plugins/maven/lib/maven-event-listener.jar"/>
    <property name="javax.xml.accessExternalDTD" value="all"/>
    <property name="classworlds.conf" value="/home/adolfo/Software/IntelliJ/ideaIU-2022.2.4/idea-IU-222.4459.24/plugins/maven/lib/maven3/bin/m2.conf"/>
    <property name="sun.jnu.encoding" value="UTF-8"/>
    <property name="jnidispatch.path" value="/tmp/jna--1422173687/jna7199668719451217256.tmp"/>
    <property name="java.library.path" value="/usr/java/packages/lib/amd64:/usr/lib64:/lib64:/lib:/usr/lib"/>
    <property name="maven.conf" value="/home/adolfo/Software/IntelliJ/ideaIU-2022.2.4/idea-IU-222.4459.24/plugins/maven/lib/maven3/conf"/>
    <property name="java.specification.name" value="Java Platform API Specification"/>
    <property name="java.class.version" value="52.0"/>
    <property name="sun.management.compiler" value="HotSpot 64-Bit Tiered Compilers"/>
    <property name="os.version" value="5.15.0-88-generic"/>
    <property name="user.home" value="/home/adolfo"/>
    <property name="user.timezone" value="Europe/Madrid"/>
    <property name="java.awt.printerjob" value="sun.print.PSPrinterJob"/>
    <property name="java.specification.version" value="1.8"/>
    <property name="file.encoding" value="UTF-8"/>
    <property name="user.name" value="adolfo"/>
    <property name="java.class.path" value="/home/adolfo/Software/IntelliJ/ideaIU-2022.2.4/idea-IU-222.4459.24/plugins/maven/lib/maven3/boot/plexus-classworlds.license:/home/adolfo/Software/IntelliJ/ideaIU-2022.2.4/idea-IU-222.4459.24/plugins/maven/lib/maven3/boot/plexus-classworlds-2.6.0.jar:/home/adolfo/Software/IntelliJ/ideaIU-2022.2.4/idea-IU-222.4459.24/lib/idea_rt.jar"/>
    <property name="java.vm.specification.version" value="1.8"/>
    <property name="sun.arch.data.model" value="64"/>
    <property name="java.home" value="/datos/Oracle/jdk1.8.0_231/jre"/>
    <property name="sun.java.command" value="org.codehaus.classworlds.Launcher -Didea.version=2022.2.5 install"/>
    <property name="java.specification.vendor" value="Oracle Corporation"/>
    <property name="user.language" value="en"/>
    <property name="awt.toolkit" value="sun.awt.X11.XToolkit"/>
    <property name="java.vm.info" value="mixed mode"/>
    <property name="java.version" value="1.8.0_231"/>
    <property name="java.ext.dirs" value="/datos/Oracle/jdk1.8.0_231/jre/lib/ext:/usr/java/packages/lib/ext"/>
    <property name="securerandom.source" value="file:/dev/./urandom"/>
    <property name="sun.boot.class.path" value="/datos/Oracle/jdk1.8.0_231/jre/lib/resources.jar:/datos/Oracle/jdk1.8.0_231/jre/lib/rt.jar:/datos/Oracle/jdk1.8.0_231/jre/lib/sunrsasign.jar:/datos/Oracle/jdk1.8.0_231/jre/lib/jsse.jar:/datos/Oracle/jdk1.8.0_231/jre/lib/jce.jar:/datos/Oracle/jdk1.8.0_231/jre/lib/charsets.jar:/datos/Oracle/jdk1.8.0_231/jre/lib/jfr.jar:/datos/Oracle/jdk1.8.0_231/jre/classes"/>
    <property name="java.vendor" value="Oracle Corporation"/>
    <property name="maven.home" value="/home/adolfo/Software/IntelliJ/ideaIU-2022.2.4/idea-IU-222.4459.24/plugins/maven/lib/maven3"/>
    <property name="file.separator" value="/"/>
    <property name="java.vendor.url.bug" value="http://bugreport.sun.com/bugreport/"/>
    <property name="sun.cpu.endian" value="little"/>
    <property name="sun.io.unicode.encoding" value="UnicodeLittle"/>
    <property name="sun.desktop" value="gnome"/>
    <property name="sun.cpu.isalist" value=""/>
  </properties>
  <testcase name="testReadFullAtOnce" classname="org.ow2.easywsdl.wsdl.test.util.InputStreamForkerTest" time="0"/>
  <testcase name="testPartialReadAndClose" classname="org.ow2.easywsdl.wsdl.test.util.InputStreamForkerTest" time="0"/>
  <testcase name="testAvailableWithReading" classname="org.ow2.easywsdl.wsdl.test.util.InputStreamForkerTest" time="0"/>
  <testcase name="testClosedInputStreamWithException" classname="org.ow2.easywsdl.wsdl.test.util.InputStreamForkerTest" time="0"/>
  <testcase name="testClosedInputStreamNoException" classname="org.ow2.easywsdl.wsdl.test.util.InputStreamForkerTest" time="0.001"/>
  <testcase name="testReadPartial" classname="org.ow2.easywsdl.wsdl.test.util.InputStreamForkerTest" time="0"/>
</testsuite>